<?xml version="1.0" encoding="UTF-8"?>
<testsuite name="util.math.unittest.GreatestCommonDivisorTest" time="0.671" tests="24" errors="0" skipped="0" failures="0">
  <properties>
[...]
</properties>
  <testcase name="testIllegalArgumentException[0]" classname="util.math.unittest.GreatestCommonDivisorTest" time="0.005"/>
  <testcase name="test[0]" classname="util.math.unittest.GreatestCommonDivisorTest" time="0"/>
  <testcase name="testIllegalArgumentException2[0]" classname="util.math.unittest.GreatestCommonDivisorTest" time="0"/>
  <testcase name="testIllegalArgumentException[1]" classname="util.math.unittest.GreatestCommonDivisorTest" time="0"/>
  <testcase name="test[1]" classname="util.math.unittest.GreatestCommonDivisorTest" time="0"/>
  <testcase name="testIllegalArgumentException2[1]" classname="util.math.unittest.GreatestCommonDivisorTest" time="0"/>
  <testcase name="testIllegalArgumentException[2]" classname="util.math.unittest.GreatestCommonDivisorTest" time="0"/>
  <testcase name="test[2]" classname="util.math.unittest.GreatestCommonDivisorTest" time="0"/>
  <testcase name="testIllegalArgumentException2[2]" classname="util.math.unittest.GreatestCommonDivisorTest" time="0"/>
  <testcase name="testIllegalArgumentException[3]" classname="util.math.unittest.GreatestCommonDivisorTest" time="0"/>
  <testcase name="test[3]" classname="util.math.unittest.GreatestCommonDivisorTest" time="0"/>
  <testcase name="testIllegalArgumentException2[3]" classname="util.math.unittest.GreatestCommonDivisorTest" time="0.001"/>
  <testcase name="testIllegalArgumentException[4]" classname="util.math.unittest.GreatestCommonDivisorTest" time="0"/>
  <testcase name="test[4]" classname="util.math.unittest.GreatestCommonDivisorTest" time="0"/>
  <testcase name="testIllegalArgumentException2[4]" classname="util.math.unittest.GreatestCommonDivisorTest" time="0.001"/>
  <testcase name="testIllegalArgumentException[5]" classname="util.math.unittest.GreatestCommonDivisorTest" time="0.001"/>
  <testcase name="test[5]" classname="util.math.unittest.GreatestCommonDivisorTest" time="0"/>
  <testcase name="testIllegalArgumentException2[5]" classname="util.math.unittest.GreatestCommonDivisorTest" time="0"/>
  <testcase name="testIllegalArgumentException[6]" classname="util.math.unittest.GreatestCommonDivisorTest" time="0"/>
  <testcase name="test[6]" classname="util.math.unittest.GreatestCommonDivisorTest" time="0"/>
  <testcase name="testIllegalArgumentException2[6]" classname="util.math.unittest.GreatestCommonDivisorTest" time="0"/>
  <testcase name="testIllegalArgumentException[7]" classname="util.math.unittest.GreatestCommonDivisorTest" time="0"/>
  <testcase name="test[7]" classname="util.math.unittest.GreatestCommonDivisorTest" time="0.663"/>
  <testcase name="testIllegalArgumentException2[7]" classname="util.math.unittest.GreatestCommonDivisorTest" time="0"/>
</testsuite>